[ocr] 23 file(s) changed, reviewing 10 in /Users/huangy/codes/workspace/MeowOut
[ocr] Skipping Sources/MeowOut/Resources/Assets.xcassets/AppIcon.appiconset/icon_1024.png — binary file
[ocr] Skipping Sources/MeowOut/Resources/Assets.xcassets/AppIcon.appiconset/icon_128x128.png — binary file
[ocr] Skipping Sources/MeowOut/Resources/Assets.xcassets/AppIcon.appiconset/icon_128x128@2x.png — binary file
[ocr] Skipping Sources/MeowOut/Resources/Assets.xcassets/AppIcon.appiconset/icon_16x16.png — binary file
[ocr] Skipping Sources/MeowOut/Resources/Assets.xcassets/AppIcon.appiconset/icon_16x16@2x.png — binary file
[ocr] Skipping Sources/MeowOut/Resources/Assets.xcassets/AppIcon.appiconset/icon_256x256.png — binary file
[ocr] Skipping Sources/MeowOut/Resources/Assets.xcassets/AppIcon.appiconset/icon_256x256@2x.png — binary file
[ocr] Skipping Sources/MeowOut/Resources/Assets.xcassets/AppIcon.appiconset/icon_32x32.png — binary file
[ocr] Skipping Sources/MeowOut/Resources/Assets.xcassets/AppIcon.appiconset/icon_32x32@2x.png — binary file
[ocr] Skipping Sources/MeowOut/Resources/Assets.xcassets/AppIcon.appiconset/icon_512x512.png — binary file
[ocr] Skipping Sources/MeowOut/Resources/Assets.xcassets/AppIcon.appiconset/icon_512x512@2x.png — binary file
[ocr] Skipping Sources/MeowOut/Resources/en.lproj/Localizable.strings — filtered by path/extension rules
[ocr] Skipping Sources/MeowOut/Resources/zh-Hans.lproj/Localizable.strings — filtered by path/extension rules
[ocr] Filtered 13 file(s) by include/exclude rules
[ocr] Skipping plan phase for Sources/MeowOut/Resources/Assets.xcassets/AppIcon.appiconset/Contents.json (15 lines < threshold 50)
[ocr] Skipping plan phase for Sources/MeowOut/FomoView.swift (42 lines < threshold 50)
[ocr] Skipping plan phase for Sources/MeowOut/GitCommit.swift (2 lines < threshold 50)
[ocr] Skipping plan phase for Sources/MeowOut/CloudView.swift (41 lines < threshold 50)
[ocr] Skipping plan phase for Sources/MeowOut/AppState.swift (13 lines < threshold 50)
[ocr] Skipping plan phase for Sources/MeowOut/ClawdView.swift (47 lines < threshold 50)
[ocr]   ▶ file_read end_line=200 file_path=Sources/MeowOut/AppState.swift start_line=75
[ocr]   ✔ file_read (36ms)
[ocr] Skipping plan phase for Sources/MeowOut/SettingsView.swift (12 lines < threshold 50)
[ocr]   ▶ file_read_diff
[ocr]   ✔ file_read_diff (0s)
[ocr]   ▶ file_read end_line=220 file_path=Sources/MeowOut/ClawdView.swift start_line=1
[ocr]   ✔ file_read (22ms)
[ocr]   ▶ code_search file_patterns=[Sources/MeowOut/AppState.swift] search_text=func access\(|func withMutation\(
[ocr]   ✔ code_search (23ms)
[ocr]   ▶ code_search search_text=FomoCanvasView
[ocr]   ✔ code_search (87ms)
[ocr]   ▶ code_search search_text=FomoView
[ocr]   ✔ code_search (45ms)
[ocr]   ▶ code_search search_text=viewBoxW|viewBoxH
[ocr]   ✔ code_search (45ms)
[ocr]   ▶ file_read file_path=Sources/MeowOut/SettingsView.swift start_line=320 end_line=370
[ocr]   ✔ file_read (30ms)
[ocr]   ▶ code_search search_text=useClassicTrayIcon
[ocr]   ✔ code_search (57ms)
[ocr]   ▶ file_read file_path=Sources/MeowOut/CloudView.swift
[ocr]   ✔ file_read (20ms)
[ocr]   ▶ code_search search_text=PetSpriteView
[ocr]   ✔ code_search (91ms)
[ocr]   ▶ code_search search_text=ClawdView
[ocr]   ✔ code_search (46ms)
[ocr]   ▶ code_search file_patterns=[Sources/MeowOut/AppState.swift] search_text=func access
[ocr]   ✔ code_search (15ms)
[ocr]   ▶ file_read file_path=Sources/MeowOut/MeowOutApp.swift start_line=175 end_line=200
[ocr]   ✔ file_read (34ms)
[ocr]   ▶ file_read_diff path_array=[Sources/MeowOut/MeowOutApp.swift]
[ocr]   ✔ file_read_diff (0s)
[ocr]   ▶ code_search search_text=settings_classic_tray_icon
[ocr]   ✔ code_search (64ms)
[ocr]   ▶ code_search search_text=func access\(keyPath file_patterns=[*.swift]
[ocr]   ✔ code_search (62ms)
[ocr]   ▶ code_search search_text=func withMutation\(keyPath file_patterns=[*.swift]
[ocr]   ✔ code_search (39ms)
[ocr]   ▶ file_read end_line=170 file_path=Sources/MeowOut/AppState.swift start_line=150
[ocr]   ✔ file_read (19ms)
[ocr]   ▶ file_read end_line=30 file_path=Sources/MeowOut/AppState.swift start_line=1
[ocr]   ✔ file_read (28ms)
[ocr] Plan completed for Sources/MeowOut/MeowOutApp.swift
[ocr]   ▶ code_search file_patterns=[*.swift] search_text=protocol PetSpriteView
[ocr]   ✔ code_search (61ms)
[ocr]   ▶ file_read_diff
[ocr]   ✔ file_read_diff (0s)
[ocr]   ▶ code_search file_patterns=[Sources/MeowOut/AppState.swift] search_text=public final class AppState
[ocr]   ✔ code_search (35ms)
[ocr]   ▶ file_read end_line=30 file_path=Sources/MeowOut/AppState.swift start_line=1
[ocr]   ✔ file_read (27ms)
[ocr]   ▶ file_read end_line=895 file_path=Sources/MeowOut/AppState.swift start_line=875
[ocr]   ✔ file_read (50ms)
[ocr]   ▶ file_read end_line=530 file_path=Sources/MeowOut/SettingsView.swift start_line=515
[ocr]   ✔ file_read (27ms)
[ocr] Plan completed for Sources/MeowOut/HorseView.swift
[ocr]   ▶ file_read_diff
[ocr]   ✔ file_read_diff (0s)
[ocr]   ▶ code_search file_patterns=[*.swift] search_text=TrayIconView
[ocr]   ✔ code_search (63ms)
[ocr]   ▶ code_search file_patterns=[*.swift] search_text=backingScaleFactor
[ocr]   ✔ code_search (24ms)
[ocr]   ▶ code_search
[ocr]   ✔ code_search (76ms)
[ocr]   ▶ code_search search_text=as\? Bool file_patterns=[Sources/MeowOut/AppState.swift]
[ocr]   ✔ code_search (37ms)
[ocr]   ▶ file_read start_line=870 end_line=910 file_path=Sources/MeowOut/AppState.swift
[ocr]   ✔ file_read (33ms)
[ocr]   ▶ code_search file_patterns=[*.swift] search_text=protocol PetSpriteView
[ocr]   ✔ code_search (57ms)
[ocr]   ▶ code_search file_patterns=[*.swift] search_text=HorseView\.viewBoxW|HorseView\.viewBoxH use_perl_regexp=true
[ocr]   ✔ code_search (21ms)
[ocr]   ▶ code_search file_patterns=[*.swift] search_text=idleBobY
[ocr]   ✔ code_search (22ms)
[ocr]   ▶ code_search file_patterns=[Sources/MeowOut/AppState.swift] search_text=AppState
[ocr]   ✔ code_search (36ms)
[ocr] Plan completed for Sources/MeowOut/TerminalView.swift
[ocr]   ▶ code_search file_patterns=[Sources/MeowOut/AppState.swift] search_text=todayEscapeCount
[ocr]   ✔ code_search (43ms)
[ocr]   ▶ file_read end_line=300 file_path=Sources/MeowOut/MeowOutApp.swift start_line=270
[ocr]   ✔ file_read (40ms)
[ocr]   ▶ file_read end_line=50 file_path=Sources/MeowOut/AppState.swift start_line=1
[ocr]   ✔ file_read (47ms)
[ocr]   ▶ file_read end_line=910 file_path=Sources/MeowOut/AppState.swift start_line=870
[ocr]   ✔ file_read (20ms)
[ocr]   ▶ file_read_diff
[ocr]   ✔ file_read_diff (0s)
[ocr]   ▶ file_read end_line=90 file_path=Sources/MeowOut/AppState.swift start_line=44
[ocr]   ✔ file_read (27ms)
[ocr]   ▶ code_search file_patterns=[Sources/MeowOut/AppState.swift]
[ocr]   ✔ code_search (64ms)
[ocr]   ▶ file_read_diff
[ocr]   ✔ file_read_diff (0s)
[ocr]   ▶ code_search case_sensitive=true file_patterns=[*.swift] search_text=TerminalCanvasView(
[ocr]   ✔ code_search (57ms)
[ocr]   ▶ code_search file_patterns=[*.swift] search_text=ledColorOverride: case_sensitive=true
[ocr]   ✔ code_search (23ms)
[ocr]   ▶ code_search case_sensitive=true file_patterns=[*.swift] search_text=flameOuterColorOverride:
[ocr]   ✔ code_search (25ms)
[ocr]   ▶ code_search case_sensitive=true file_patterns=[*.swift] search_text=bodyColorOverride:
[ocr]   ✔ code_search (19ms)
[ocr]   ▶ code_search file_patterns=[*.swift] search_text=useClassicTrayIcon
[ocr]   ✔ code_search (62ms)
[ocr]   ▶ code_search file_patterns=[*.swift] search_text=selectedPet
[ocr]   ✔ code_search (24ms)
[ocr]   ▶ file_read_diff path_array=[Sources/MeowOut/AppState.swift]
[ocr]   ✔ file_read_diff (0s)
[ocr]   ▶ code_search file_patterns=[Sources/MeowOut/AppState.swift] search_text=: Bool \{
[ocr]   ✔ code_search (29ms)
[ocr]   ▶ file_read end_line=200 file_path=Sources/MeowOut/MeowOutApp.swift start_line=165
[ocr]   ✔ file_read (46ms)
[ocr]   ▶ code_search case_sensitive=false file_patterns=[*.swift] search_text=TimelineView
[ocr]   ✔ code_search (34ms)
[ocr]   ▶ code_search file_patterns=[*.swift] search_text=trayIconConfig
[ocr]   ✔ code_search (43ms)
[ocr]   ▶ file_read end_line=230 file_path=Sources/MeowOut/MeowOutApp.swift start_line=95
[ocr]   ✔ file_read (22ms)
[ocr]   ▶ code_search search_text=useClassicTrayIcon file_patterns=[*.swift]
[ocr]   ✔ code_search (28ms)
[ocr]   ▶ code_search file_patterns=[Sources/MeowOut/AppState.swift] search_text=func access|func withMutation
[ocr]   ✔ code_search (33ms)
[ocr]   ▶ code_search file_patterns=[Sources/MeowOut/HorseView.swift] search_text=±2%
[ocr]   ✔ code_search (34ms)
[ocr]   ▶ file_read start_line=230 end_line=255 file_path=Sources/MeowOut/MeowOutApp.swift
[ocr]   ✔ file_read (38ms)
[ocr]   ▶ file_read_diff
[ocr]   ✔ file_read_diff (0s)
[ocr]   ▶ code_search search_text=func access\(keyPath
[ocr]   ✔ code_search (115ms)
[ocr]   ▶ code_comment "Sources/MeowOut/HorseView.swift"
[ocr]   ✔ code_comment (4ms)
[ocr]   ▶ file_read end_line=175 file_path=Sources/MeowOut/MeowOutApp.swift start_line=155
[ocr]   ✔ file_read (53ms)
[ocr]   ▶ file_read_diff path_array=[Sources/MeowOut/MeowOutApp.swift]
[ocr]   ✔ file_read_diff (0s)
[ocr]   ▶ code_comment "Sources/MeowOut/TerminalView.swift"
[ocr]   ✔ code_comment (1ms)
[ocr]   ▶ code_search file_patterns=[*.swift] search_text=MenuBarExtra
[ocr]   ✔ code_search (38ms)
[ocr]   ▶ code_comment "Sources/MeowOut/TerminalView.swift"
[ocr]   ✔ code_comment (1ms)
[ocr]   ▶ code_comment "Sources/MeowOut/MeowOutApp.swift"
[ocr]   ✔ code_comment (4ms)
[ocr] Summary: 10 file(s) reviewed, 5 comment(s), ~573630 token(s) used (input: ~528163, output: ~45467), cache(read: ~434432, write: ~0), 5m1s elapsed

[2m─── Sources/MeowOut/HorseView.swift:186-186 ───[0m
The doc comment still states breathing is "±2%", but the actual breathing scale amplitudes in
`HorseCanvasView` were changed to ±3% (x: `0.03`) and ±5% (y: `0.05`). This inconsistency may
confuse future maintainers. Suggest updating to reflect the actual values, e.g., "呼吸 (±3% x / ±5%
y)".

[91m[48;2;70;0;0m-[0m[48;2;70;0;0m /// 动画：呼吸 (±2%) + 眨眼 + 走路 trot 步态 + 鬃毛/尾巴飘动 + 翅膀扑扇[0m[0m
[92m[48;2;0;60;0m+[0m[48;2;0;60;0m /// 动画：呼吸 (±3% x / ±5% y) + 眨眼 + 走路 trot 步态 + 鬃毛/尾巴飘动 + 翅膀扑扇[0m[0m


[2m─── Sources/MeowOut/TerminalView.swift:65-67 ───[0m
The mid-flame color (`flameMidC`) is derived from `ledColorOverride`, coupling two semantically
separate visual elements. If a caller sets only `ledColorOverride` to customize the LED strip, the
flame's mid-layer unexpectedly changes as well. Consider adding a dedicated `flameMidColorOverride`
parameter, or default to `Self.defaultFlameMidColor` when only the LED is overridden.

[2m[48;2;38;38;38m [0m[48;2;38;38;38m         let flameOuterC = flameOuterColorOverride ?? Self.defaultFlameOuterColor[0m[0m
[2m[48;2;38;38;38m [0m[48;2;38;38;38m         let ledC = ledColorOverride ?? Self.defaultLedColor[0m[0m
[91m[48;2;70;0;0m-[0m[48;2;70;0;0m         let flameMidC = ledColorOverride ?? Self.defaultFlameMidColor[0m[0m
[92m[48;2;0;60;0m+[0m[48;2;0;60;0m         let flameMidC = flameMidColorOverride ?? ledColorOverride ?? Self.defaultFlameMidColor[0m[0m


[2m─── Sources/MeowOut/TerminalView.swift:57-59 ───[0m
Only `bodyFill` respects `bodyColorOverride`; `bodyTopFill` and `bodyBottomFill` remain hardcoded to
the original cyan gradient colors. When a caller supplies a custom body color (e.g., for dark-mode
adaptation in `MeowOutApp.swift`), the result is a patchwork look with the middle body block in the
override color while the top and bottom gradient regions stay cyan. Consider blending or
interpolating the override into the gradient, or providing `bodyTopColorOverride` /
`bodyBottomColorOverride` parameters.



[2m─── Sources/MeowOut/MeowOutApp.swift:125-125 ───[0m
Removing the fixed width constraint means tray icons now use their intrinsic width. Non‑classic
canvas views produce logical widths of ~31–33px (varies by pet: ClawdCanvasView has a 15:10 viewBox
vs. 14:10 for others), while classic asset images also vary by aspect ratio. macOS menu‑bar extras
are typically expected at a fixed size; inconsistent widths across pets could cause visual
misalignment or clipping. If the wider non‑classic icons are intentional, consider adding a fixed
width (e.g., 32) to ensure consistency, or explicitly document that icon width varies by pet.

[91m[48;2;70;0;0m-[0m[48;2;70;0;0m         .frame(height: 18)[0m[0m
[92m[48;2;0;60;0m+[0m[48;2;0;60;0m         .frame(width: 32, height: 18)[0m[0m


[2m─── Sources/MeowOut/MeowOutApp.swift:217-217 ───[0m
This `print` statement fires on every cache refresh, including release builds. It will clutter the
system log unnecessarily for end users. Consider wrapping it with `#if DEBUG` or switching to a
project‑wide logging facility that can be suppressed in production.

[92m[48;2;0;60;0m+[0m[48;2;0;60;0m         #if DEBUG[0m[0m
[2m[48;2;38;38;38m [0m[48;2;38;38;38m         print("💾 Tray icon cache refreshed for state: \(state) pet: \(pet.rawValue) classic: \(useClassic)")[0m[0m
[92m[48;2;0;60;0m+[0m[48;2;0;60;0m         #endif[0m[0m

